<?xml version="1.0" encoding="UTF-8"?>
<testng-results skipped="0" failed="0" ignored="0" total="1" passed="1">
  <reporter-output>
  </reporter-output>
  <suite name="Default suite" duration-ms="3775" started-at="2023-01-29T22:44:13Z" finished-at="2023-01-29T22:44:17Z">
    <groups>
    </groups>
    <test name="Default test" duration-ms="3775" started-at="2023-01-29T22:44:13Z" finished-at="2023-01-29T22:44:17Z">
      <class name="com.qa.ctg.tests.QuestionnariePageTest">
        <test-method status="PASS" signature="setUp()[pri:0, instance:com.qa.ctg.tests.QuestionnariePageTest@29774679]" name="setUp" is-config="true" duration-ms="2658" started-at="2023-01-29T22:44:14Z" finished-at="2023-01-29T22:44:16Z">
          <reporter-output>
          </reporter-output>
        </test-method> <!-- setUp -->
        <test-method status="PASS" signature="selectRandomradioButtons()[pri:0, instance:com.qa.ctg.tests.QuestionnariePageTest@29774679]" name="selectRandomradioButtons" duration-ms="1098" started-at="2023-01-29T22:44:16Z" finished-at="2023-01-29T22:44:17Z">
          <reporter-output>
          </reporter-output>
        </test-method> <!-- selectRandomradioButtons -->
      </class> <!-- com.qa.ctg.tests.QuestionnariePageTest -->
    </test> <!-- Default test -->
  </suite> <!-- Default suite -->
</testng-results>
